<?xml version="1.0" encoding="UTF-8"?>
<!-- Generated by org.testng.reporters.JUnitReportReporter -->
<testsuite hostname="Sandeshs-MacBook-Air.local" failures="0" tests="10" name="tests.TestTwo" time="0.015" errors="0" timestamp="2025-08-19T21:35:38 IST" skipped="0">
  <testcase classname="tests.TestTwo" name="LoginTest" time="0.007"/>
  <testcase classname="tests.TestTwo" name="smokeTestCase" time="0.001"/>
  <testcase classname="tests.TestTwo" name="groupTestCase" time="0.001"/>
  <testcase classname="tests.TestTwo" name="LoginTest" time="0.001"/>
  <testcase classname="tests.TestTwo" name="smokeTestCase" time="0.000"/>
  <testcase classname="tests.TestTwo" name="verifyDashboard" time="0.001"/>
  <testcase classname="tests.TestTwo" name="groupTestCase" time="0.001"/>
  <testcase classname="tests.TestTwo" name="testInTestTwo" time="0.000"/>
  <testcase classname="tests.TestTwo" name="verifyDashboard" time="0.002"/>
  <testcase classname="tests.TestTwo" name="testInTestTwo" time="0.001"/>
</testsuite> <!-- tests.TestTwo -->
