<?xml version="1.0" encoding="UTF-8"?>
<!-- Generated by org.testng.reporters.JUnitReportReporter -->
<testsuite hostname="Sandeshs-MacBook-Air.local" failures="0" tests="2" name="tests.TestOne" time="0.001" errors="0" timestamp="2025-08-21T20:19:21 IST" skipped="0">
  <testcase classname="tests.TestOne" name="testMethod2" time="0.000"/>
  <testcase classname="tests.TestOne" name="testMethod" time="0.001"/>
</testsuite> <!-- tests.TestOne -->
