<?xml version="1.0" encoding="UTF-8"?>
<!-- Generated by org.testng.reporters.JUnitReportReporter -->
<testsuite hostname="Sandeshs-MacBook-Air.local" failures="0" tests="2" name="tests.LoginTest" time="1.008" errors="0" timestamp="2025-08-21T20:19:21 IST" skipped="0">
  <testcase classname="tests.LoginTest" name="performLogin" time="0.077"/>
  <testcase classname="tests.LoginTest" name="performLogin" time="0.931"/>
</testsuite> <!-- tests.LoginTest -->
